<?xml version="1.0" encoding="UTF-8"?>
<testsuite name="ReconciliationTest" tests="21" skipped="0" failures="0" errors="0" timestamp="2022-07-25T11:11:29" hostname="KINGJOEPRODUO" time="0.326">
  <properties/>
  <testcase name="generateOutputFile()" classname="ReconciliationTest" time="0.078"/>
  <testcase name="1 - compareFiles file1=sample_file_1.csv,file1=sample_file_3.csv, expectedMismatches=4, expectedMissingInFile1=1, expectedMissingInFile1=1, expectedValidity=true" classname="ReconciliationTest" time="0.05"/>
  <testcase name="2 - compareFiles file1=sample_file_1.csv,file1=sample_file_1.csv, expectedMismatches=0, expectedMissingInFile1=0, expectedMissingInFile1=0, expectedValidity=true" classname="ReconciliationTest" time="0.023"/>
  <testcase name="3 - compareFiles file1=sample_file_3.csv,file1=sample_file_3.csv, expectedMismatches=0, expectedMissingInFile1=0, expectedMissingInFile1=0, expectedValidity=true" classname="ReconciliationTest" time="0.016"/>
  <testcase name="1 - loadFiles input_args=[invalid_file_1_empty.csv], expectedValidity=false" classname="ReconciliationTest" time="0.001"/>
  <testcase name="2 - loadFiles input_args=[invalid_file_2_white_space.csv], expectedValidity=false" classname="ReconciliationTest" time="0.005"/>
  <testcase name="3 - loadFiles input_args=[invalid_file_3_newline.csv], expectedValidity=false" classname="ReconciliationTest" time="0.003"/>
  <testcase name="4 - loadFiles input_args=[valid_file_1_single_line.csv], expectedValidity=true" classname="ReconciliationTest" time="0.002"/>
  <testcase name="5 - loadFiles input_args=[invalid_file_4_incosistent_commas_between_lines.csv], expectedValidity=false" classname="ReconciliationTest" time="0.004"/>
  <testcase name="6 - loadFiles input_args=[sample_file_1.csv], expectedValidity=true" classname="ReconciliationTest" time="0.036"/>
  <testcase name="1 - isArgumentsValid input_args=null, expectedValidity=false" classname="ReconciliationTest" time="0.002"/>
  <testcase name="2 - isArgumentsValid input_args=[], expectedValidity=false" classname="ReconciliationTest" time="0.011"/>
  <testcase name="3 - isArgumentsValid input_args=[               ], expectedValidity=false" classname="ReconciliationTest" time="0.001"/>
  <testcase name="4 - isArgumentsValid input_args=[arg1], expectedValidity=false" classname="ReconciliationTest" time="0.001"/>
  <testcase name="5 - isArgumentsValid input_args=[arg1, arg2, arg3], expectedValidity=false" classname="ReconciliationTest" time="0.002"/>
  <testcase name="6 - isArgumentsValid input_args=[sample_file_1.txt, sample_file_3.txt], expectedValidity=false" classname="ReconciliationTest" time="0.005"/>
  <testcase name="7 - isArgumentsValid input_args=[arg1.csv, arg2.csv], expectedValidity=false" classname="ReconciliationTest" time="0.002"/>
  <testcase name="8 - isArgumentsValid input_args=[sample_file_1.csv, sample_file_3.csv], expectedValidity=true" classname="ReconciliationTest" time="0.002"/>
  <testcase name="9 - isArgumentsValid input_args=[sample_file_1.csv, sample_file_1.csv], expectedValidity=true" classname="ReconciliationTest" time="0.001"/>
  <testcase name="10 - isArgumentsValid input_args=[sample_file_3.csv, sample_file_5_long_name_zzzzzzzzzzzzzzzzzzzzzzzzzzzzzzzzzzzzzzzzzzzzzzzzzzzzzzzzzzzzzzzzzzzzzzzzzzzzzzzzzzzzzzzzzzzzzzzzzzzzzzzzzzzzzzzzzzzzzzzzzzzzzzzzzzzzzzzzzzzzzzzzzzzzzzzzzzzzzzzzzzzzzzzzzzzzzzzzz.csv], expectedValidity=true" classname="ReconciliationTest" time="0.002"/>
  <testcase name="11 - isArgumentsValid input_args=[sample_file_5_long_name_zzzzzzzzzzzzzzzzzzzzzzzzzzzzzzzzzzzzzzzzzzzzzzzzzzzzzzzzzzzzzzzzzzzzzzzzzzzzzzzzzzzzzzzzzzzzzzzzzzzzzzzzzzzzzzzzzzzzzzzzzzzzzzzzzzzzzzzzzzzzzzzzzzzzzzzzzzzzzzzzzzzzzzzzzzzzzzzzz.csv, sample_file_5_long_name_zzzzzzzzzzzzzzzzzzzzzzzzzzzzzzzzzzzzzzzzzzzzzzzzzzzzzzzzzzzzzzzzzzzzzzzzzzzzzzzzzzzzzzzzzzzzzzzzzzzzzzzzzzzzzzzzzzzzzzzzzzzzzzzzzzzzzzzzzzzzzzzzzzzzzzzzzzzzzzzzzzzzzzzzzzzzzzzzz.csv], expectedValidity=true" classname="ReconciliationTest" time="0.002"/>
  <system-out><![CDATA[File 1 has successfully loaded!
File 2 has successfully loaded!
Deleted the file: output.csv
File 1 has successfully loaded!
File 2 has successfully loaded!
File 1 has successfully loaded!
File 2 has successfully loaded!
File 1 has successfully loaded!
File 2 has successfully loaded!
File 1 has no content
File 1 has no content
File 1 has no content
File 1 has successfully loaded!
File 2 has successfully loaded!
File 1 has inconsistent commas
File 1 has successfully loaded!
File 2 has successfully loaded!
Reconciliation System expected 2 file path arguments but received none!
Reconciliation System expected 2 file path arguments but received 1!
Reconciliation System expected 2 file path arguments but received 1!
Reconciliation System expected 2 file path arguments but received 1!
Reconciliation System expected 2 file path arguments but received 3!
1st file path argument doesn't end with .csv: sample_file_1.txt
2nd file path argument doesn't end with .csv: sample_file_1.txt
File doesn't exist for the 1st file path argument: arg1.csv
File doesn't exist for the 2nd file path argument: arg2.csv
]]></system-out>
  <system-err><![CDATA[]]></system-err>
</testsuite>
